d:\learncpp.com\0.1\helloworld\helloworld\x64\debug\vc143.pdb
d:\learncpp.com\0.1\helloworld\helloworld\x64\debug\vc143.idb
d:\learncpp.com\0.1\helloworld\helloworld\x64\debug\helloworld.nativecodeanalysis.sarif
d:\learncpp.com\0.1\helloworld\helloworld\x64\debug\helloworld.nativecodeanalysis.xml
d:\learncpp.com\0.1\helloworld\helloworld\x64\debug\helloworld.obj
d:\learncpp.com\0.1\helloworld\helloworld\x64\debug\io.nativecodeanalysis.sarif
d:\learncpp.com\0.1\helloworld\helloworld\x64\debug\io.nativecodeanalysis.xml
d:\learncpp.com\0.1\helloworld\helloworld\x64\debug\io.obj
d:\learncpp.com\0.1\helloworld\x64\debug\helloworld.exe
d:\learncpp.com\0.1\helloworld\x64\debug\helloworld.pdb
d:\learncpp.com\0.1\helloworld\helloworld\x64\debug\helloworld.ilk
d:\learncpp.com\0.1\helloworld\helloworld\x64\debug\vc.nativecodeanalysis.all.xml
d:\learncpp.com\0.1\helloworld\helloworld\x64\debug\helloworld.tlog\cl.command.1.tlog
d:\learncpp.com\0.1\helloworld\helloworld\x64\debug\helloworld.tlog\cl.items.tlog
d:\learncpp.com\0.1\helloworld\helloworld\x64\debug\helloworld.tlog\cl.read.1.tlog
d:\learncpp.com\0.1\helloworld\helloworld\x64\debug\helloworld.tlog\cl.write.1.tlog
d:\learncpp.com\0.1\helloworld\helloworld\x64\debug\helloworld.tlog\link.command.1.tlog
d:\learncpp.com\0.1\helloworld\helloworld\x64\debug\helloworld.tlog\link.read.1.tlog
d:\learncpp.com\0.1\helloworld\helloworld\x64\debug\helloworld.tlog\link.secondary.1.tlog
d:\learncpp.com\0.1\helloworld\helloworld\x64\debug\helloworld.tlog\link.write.1.tlog
